This is XeTeX, Version 3.14159265-2.6-0.99999 (TeX Live 2018/W32TeX) (preloaded format=xelatex 2018.7.2)  3 JUN 2020 10:15
entering extended mode
 \write18 enabled.
 %&-line parsing enabled.
**vkr.tex
(./vkr.tex
LaTeX2e <2018-04-01> patch level 5
(c:/texlive/2018/texmf-dist/tex/latex/extsizes/extarticle.cls
Document Class: extarticle 1996/10/08 v1.0 Non Standard LaTeX document class
(c:/texlive/2018/texmf-dist/tex/latex/extsizes/size14.clo
File: size14.clo 1999/11/11 v1.4a NON-Standard LaTeX file (size option)
)
(c:/texlive/2018/texmf-dist/tex/latex/base/exscale.sty
Package: exscale 2014/09/29 v2.1h Standard LaTeX package exscale
LaTeX Font Info:    Redeclaring symbol font `largesymbols' on input line 57.
LaTeX Font Info:    Overwriting symbol font `largesymbols' in version `normal'
(Font)                  OMX/cmex/m/n --> OMX/cmex/m/n on input line 57.
LaTeX Font Info:    Overwriting symbol font `largesymbols' in version `bold'
(Font)                  OMX/cmex/m/n --> OMX/cmex/m/n on input line 57.
\big@size=\dimen102
)
\c@part=\count80
\c@section=\count81
\c@subsection=\count82
\c@subsubsection=\count83
\c@paragraph=\count84
\c@subparagraph=\count85
\c@figure=\count86
\c@table=\count87
\abovecaptionskip=\skip41
\belowcaptionskip=\skip42
\bibindent=\dimen103
)
(c:/texlive/2018/texmf-dist/tex/latex/amsfonts/amsfonts.sty
Package: amsfonts 2013/01/14 v3.01 Basic AMSFonts support
\@emptytoks=\toks14
\symAMSa=\mathgroup4
\symAMSb=\mathgroup5
LaTeX Font Info:    Overwriting math alphabet `\mathfrak' in version `bold'
(Font)                  U/euf/m/n --> U/euf/b/n on input line 106.
)
(c:/texlive/2018/texmf-dist/tex/latex/amsfonts/amssymb.sty
Package: amssymb 2013/01/14 v3.01 AMS font symbols
)
(c:/texlive/2018/texmf-dist/tex/latex/amscls/amsthm.sty
Package: amsthm 2017/10/31 v2.20.4
\thm@style=\toks15
\thm@bodyfont=\toks16
\thm@headfont=\toks17
\thm@notefont=\toks18
\thm@headpunct=\toks19
\thm@preskip=\skip43
\thm@postskip=\skip44
\thm@headsep=\skip45
\dth@everypar=\toks20
)
(c:/texlive/2018/texmf-dist/tex/latex/mathtools/mathtools.sty
Package: mathtools 2018/01/08 v1.21 mathematical typesetting tools

(c:/texlive/2018/texmf-dist/tex/latex/graphics/keyval.sty
Package: keyval 2014/10/28 v1.15 key=value parser (DPC)
\KV@toks@=\toks21
)
(c:/texlive/2018/texmf-dist/tex/latex/tools/calc.sty
Package: calc 2017/05/25 v4.3 Infix arithmetic (KKT,FJ)
\calc@Acount=\count88
\calc@Bcount=\count89
\calc@Adimen=\dimen104
\calc@Bdimen=\dimen105
\calc@Askip=\skip46
\calc@Bskip=\skip47
LaTeX Info: Redefining \setlength on input line 80.
LaTeX Info: Redefining \addtolength on input line 81.
\calc@Ccount=\count90
\calc@Cskip=\skip48
)
(c:/texlive/2018/texmf-dist/tex/latex/mathtools/mhsetup.sty
Package: mhsetup 2017/03/31 v1.3 programming setup (MH)
)
(c:/texlive/2018/texmf-dist/tex/latex/amsmath/amsmath.sty
Package: amsmath 2017/09/02 v2.17a AMS math features
\@mathmargin=\skip49

For additional information on amsmath, use the `?' option.
(c:/texlive/2018/texmf-dist/tex/latex/amsmath/amstext.sty
Package: amstext 2000/06/29 v2.01 AMS text

(c:/texlive/2018/texmf-dist/tex/latex/amsmath/amsgen.sty
File: amsgen.sty 1999/11/30 v2.0 generic functions
\@emptytoks=\toks22
\ex@=\dimen106
))
(c:/texlive/2018/texmf-dist/tex/latex/amsmath/amsbsy.sty
Package: amsbsy 1999/11/29 v1.2d Bold Symbols
\pmbraise@=\dimen107
)
(c:/texlive/2018/texmf-dist/tex/latex/amsmath/amsopn.sty
Package: amsopn 2016/03/08 v2.02 operator names
)
\inf@bad=\count91
LaTeX Info: Redefining \frac on input line 213.
\uproot@=\count92
\leftroot@=\count93
LaTeX Info: Redefining \overline on input line 375.
\classnum@=\count94
\DOTSCASE@=\count95
LaTeX Info: Redefining \ldots on input line 472.
LaTeX Info: Redefining \dots on input line 475.
LaTeX Info: Redefining \cdots on input line 596.
\Mathstrutbox@=\box26
\strutbox@=\box27
\big@size=\dimen108
LaTeX Font Info:    Redeclaring font encoding OML on input line 712.
LaTeX Font Info:    Redeclaring font encoding OMS on input line 713.
\macc@depth=\count96
\c@MaxMatrixCols=\count97
\dotsspace@=\muskip10
\c@parentequation=\count98
\dspbrk@lvl=\count99
\tag@help=\toks23
\row@=\count100
\column@=\count101
\maxfields@=\count102
\andhelp@=\toks24
\eqnshift@=\dimen109
\alignsep@=\dimen110
\tagshift@=\dimen111
\tagwidth@=\dimen112
\totwidth@=\dimen113
\lineht@=\dimen114
\@envbody=\toks25
\multlinegap=\skip50
\multlinetaggap=\skip51
\mathdisplay@stack=\toks26
LaTeX Info: Redefining \[ on input line 2817.
LaTeX Info: Redefining \] on input line 2818.
)
LaTeX Info: Thecontrolsequence`\('isalreadyrobust on input line 129.
LaTeX Info: Thecontrolsequence`\)'isalreadyrobust on input line 129.
LaTeX Info: Thecontrolsequence`\['isalreadyrobust on input line 129.
LaTeX Info: Thecontrolsequence`\]'isalreadyrobust on input line 129.
\g_MT_multlinerow_int=\count103
\l_MT_multwidth_dim=\dimen115
\origjot=\skip52
\l_MT_shortvdotswithinadjustabove_dim=\dimen116
\l_MT_shortvdotswithinadjustbelow_dim=\dimen117
\l_MT_above_intertext_sep=\dimen118
\l_MT_below_intertext_sep=\dimen119
\l_MT_above_shortintertext_sep=\dimen120
\l_MT_below_shortintertext_sep=\dimen121
)
(c:/texlive/2018/texmf-dist/tex/latex/was/icomma.sty
Package: icomma 2002/03/10 v2.0 (WaS)
)
(c:/texlive/2018/texmf-dist/tex/latex/savesym/savesym.sty
Package: savesym 2013/09/02 v1.2 Saves and restores symbols (JG)
)
(c:/texlive/2018/texmf-dist/tex/latex/dingbat/dingbat.sty
Package: dingbat 2001/04/27 v1.00 Hands and other dingbats
)
(c:/texlive/2018/texmf-dist/tex/latex/epigraph/epigraph.sty
Package: epigraph 2009/09/02 v1.5c typesetting epigraphs
\beforeepigraphskip=\skip53
\afterepigraphskip=\skip54
\epigraphwidth=\skip55
\epigraphrule=\skip56
)
(c:/texlive/2018/texmf-dist/tex/latex/caption/caption.sty
Package: caption 2018/05/01 v3.3-147 Customizing captions (AR)

(c:/texlive/2018/texmf-dist/tex/latex/caption/caption3.sty
Package: caption3 2018/05/27 v1.8a caption3 kernel (AR)
Package caption3 Info: TeX engine: e-TeX on input line 64.
\captionmargin=\dimen122
\captionmargin@=\dimen123
\captionwidth=\dimen124
\caption@tempdima=\dimen125
\caption@indent=\dimen126
\caption@parindent=\dimen127
\caption@hangindent=\dimen128
)
\c@ContinuedFloat=\count104
)
(c:/texlive/2018/texmf-dist/tex/latex/geometry/geometry.sty
Package: geometry 2018/04/16 v5.8 Page Geometry

(c:/texlive/2018/texmf-dist/tex/generic/oberdiek/ifpdf.sty
Package: ifpdf 2017/03/15 v3.2 Provides the ifpdf switch
)
(c:/texlive/2018/texmf-dist/tex/generic/oberdiek/ifvtex.sty
Package: ifvtex 2016/05/16 v1.6 Detect VTeX and its facilities (HO)
Package ifvtex Info: VTeX not detected.
)
(c:/texlive/2018/texmf-dist/tex/generic/ifxetex/ifxetex.sty
Package: ifxetex 2010/09/12 v0.6 Provides ifxetex conditional
)
\Gm@cnth=\count105
\Gm@cntv=\count106
\c@Gm@tempcnt=\count107
\Gm@bindingoffset=\dimen129
\Gm@wd@mp=\dimen130
\Gm@odd@mp=\dimen131
\Gm@even@mp=\dimen132
\Gm@layoutwidth=\dimen133
\Gm@layoutheight=\dimen134
\Gm@layouthoffset=\dimen135
\Gm@layoutvoffset=\dimen136
\Gm@dimlist=\toks27
)
(c:/texlive/2018/texmf-dist/tex/latex/graphics/graphicx.sty
Package: graphicx 2017/06/01 v1.1a Enhanced LaTeX Graphics (DPC,SPQR)

(c:/texlive/2018/texmf-dist/tex/latex/graphics/graphics.sty
Package: graphics 2017/06/25 v1.2c Standard LaTeX Graphics (DPC,SPQR)

(c:/texlive/2018/texmf-dist/tex/latex/graphics/trig.sty
Package: trig 2016/01/03 v1.10 sin cos tan (DPC)
)
(c:/texlive/2018/texmf-dist/tex/latex/graphics-cfg/graphics.cfg
File: graphics.cfg 2016/06/04 v1.11 sample graphics configuration
)
Package graphics Info: Driver file: xetex.def on input line 99.

(c:/texlive/2018/texmf-dist/tex/latex/graphics-def/xetex.def
File: xetex.def 2017/06/24 v5.0h Graphics/color driver for xetex
))
\Gin@req@height=\dimen137
\Gin@req@width=\dimen138
)
(c:/texlive/2018/texmf-dist/tex/latex/wrapfig/wrapfig.sty
\wrapoverhang=\dimen139
\WF@size=\dimen140
\c@WF@wrappedlines=\count108
\WF@box=\box28
\WF@everypar=\toks28
Package: wrapfig 2003/01/31  v 3.6
)
(c:/texlive/2018/texmf-dist/tex/latex/tools/array.sty
Package: array 2018/04/30 v2.4h Tabular extension package (FMi)
\col@sep=\dimen141
\ar@mcellbox=\box29
\extrarowheight=\dimen142
\NC@list=\toks29
\extratabsurround=\skip57
\backup@length=\skip58
\ar@cellbox=\box30
)
(c:/texlive/2018/texmf-dist/tex/latex/tools/tabularx.sty
Package: tabularx 2016/02/03 v2.11b `tabularx' package (DPC)
\TX@col@width=\dimen143
\TX@old@table=\dimen144
\TX@old@col=\dimen145
\TX@target=\dimen146
\TX@delta=\dimen147
\TX@cols=\count109
\TX@ftn=\toks30
)
(c:/texlive/2018/texmf-dist/tex/latex/tabulary/tabulary.sty
Package: tabulary 2014/06/11 v0.10 tabulary package (DPC)
\TY@count=\count110
\TY@linewidth=\dimen148
\tymin=\dimen149
\tymax=\dimen150
\TY@tablewidth=\dimen151
)
(c:/texlive/2018/texmf-dist/tex/latex/booktabs/booktabs.sty
Package: booktabs 2016/04/27 v1.618033 publication quality tables
\heavyrulewidth=\dimen152
\lightrulewidth=\dimen153
\cmidrulewidth=\dimen154
\belowrulesep=\dimen155
\belowbottomsep=\dimen156
\aboverulesep=\dimen157
\abovetopsep=\dimen158
\cmidrulesep=\dimen159
\cmidrulekern=\dimen160
\defaultaddspace=\dimen161
\@cmidla=\count111
\@cmidlb=\count112
\@aboverulesep=\dimen162
\@belowrulesep=\dimen163
\@thisruleclass=\count113
\@lastruleclass=\count114
\@thisrulewidth=\dimen164
)
(c:/texlive/2018/texmf-dist/tex/latex/tools/longtable.sty
Package: longtable 2014/10/28 v4.11 Multi-page Table package (DPC)
\LTleft=\skip59
\LTright=\skip60
\LTpre=\skip61
\LTpost=\skip62
\LTchunksize=\count115
\LTcapwidth=\dimen165
\LT@head=\box31
\LT@firsthead=\box32
\LT@foot=\box33
\LT@lastfoot=\box34
\LT@cols=\count116
\LT@rows=\count117
\c@LT@tables=\count118
\c@LT@chunks=\count119
\LT@p@ftn=\toks31
)
(c:/texlive/2018/texmf-dist/tex/latex/multirow/multirow.sty
Package: multirow 2016/11/25 v2.2 Span multiple rows of a table
\multirow@colwidth=\skip63
\multirow@cntb=\count120
\multirow@dima=\skip64
\bigstrutjot=\dimen166
)
(c:/texlive/2018/texmf-dist/tex/latex/doublestroke/dsfont.sty
Package: dsfont 1995/08/01 v0.1 Double stroke roman fonts
)
(c:/texlive/2018/texmf-dist/tex/latex/todonotes/todonotes.sty
Package: todonotes 2015/07/09 .dtx Todonotes source and documentation.
Package: todonotes 2012/07/25

(c:/texlive/2018/texmf-dist/tex/latex/base/ifthen.sty
Package: ifthen 2014/09/29 v1.1c Standard LaTeX ifthen package (DPC)
)
(c:/texlive/2018/texmf-dist/tex/latex/xkeyval/xkeyval.sty
Package: xkeyval 2014/12/03 v2.7a package option processing (HA)

(c:/texlive/2018/texmf-dist/tex/generic/xkeyval/xkeyval.tex
(c:/texlive/2018/texmf-dist/tex/generic/xkeyval/xkvutils.tex
\XKV@toks=\toks32
\XKV@tempa@toks=\toks33
)
\XKV@depth=\count121
File: xkeyval.tex 2014/12/03 v2.7a key=value parser (HA)
))
(c:/texlive/2018/texmf-dist/tex/latex/xcolor/xcolor.sty
Package: xcolor 2016/05/11 v2.12 LaTeX color extensions (UK)

(c:/texlive/2018/texmf-dist/tex/latex/graphics-cfg/color.cfg
File: color.cfg 2016/01/02 v1.6 sample color configuration
)
Package xcolor Info: Driver file: xetex.def on input line 225.
Package xcolor Info: Model `cmy' substituted by `cmy0' on input line 1348.
Package xcolor Info: Model `RGB' extended on input line 1364.
Package xcolor Info: Model `HTML' substituted by `rgb' on input line 1366.
Package xcolor Info: Model `Hsb' substituted by `hsb' on input line 1367.
Package xcolor Info: Model `tHsb' substituted by `hsb' on input line 1368.
Package xcolor Info: Model `HSB' substituted by `hsb' on input line 1369.
Package xcolor Info: Model `Gray' substituted by `gray' on input line 1370.
Package xcolor Info: Model `wave' substituted by `hsb' on input line 1371.
)
(c:/texlive/2018/texmf-dist/tex/latex/pgf/frontendlayer/tikz.sty
(c:/texlive/2018/texmf-dist/tex/latex/pgf/basiclayer/pgf.sty
(c:/texlive/2018/texmf-dist/tex/latex/pgf/utilities/pgfrcs.sty
(c:/texlive/2018/texmf-dist/tex/generic/pgf/utilities/pgfutil-common.tex
\pgfutil@everybye=\toks34
\pgfutil@tempdima=\dimen167
\pgfutil@tempdimb=\dimen168

(c:/texlive/2018/texmf-dist/tex/generic/pgf/utilities/pgfutil-common-lists.tex)
) (c:/texlive/2018/texmf-dist/tex/generic/pgf/utilities/pgfutil-latex.def
\pgfutil@abb=\box35

(c:/texlive/2018/texmf-dist/tex/latex/ms/everyshi.sty
Package: everyshi 2001/05/15 v3.00 EveryShipout Package (MS)
))
(c:/texlive/2018/texmf-dist/tex/generic/pgf/utilities/pgfrcs.code.tex
Package: pgfrcs 2015/08/07 v3.0.1a (rcs-revision 1.31)
))
Package: pgf 2015/08/07 v3.0.1a (rcs-revision 1.15)

(c:/texlive/2018/texmf-dist/tex/latex/pgf/basiclayer/pgfcore.sty
(c:/texlive/2018/texmf-dist/tex/latex/pgf/systemlayer/pgfsys.sty
(c:/texlive/2018/texmf-dist/tex/generic/pgf/systemlayer/pgfsys.code.tex
Package: pgfsys 2014/07/09 v3.0.1a (rcs-revision 1.48)

(c:/texlive/2018/texmf-dist/tex/generic/pgf/utilities/pgfkeys.code.tex
\pgfkeys@pathtoks=\toks35
\pgfkeys@temptoks=\toks36

(c:/texlive/2018/texmf-dist/tex/generic/pgf/utilities/pgfkeysfiltered.code.tex
\pgfkeys@tmptoks=\toks37
))
\pgf@x=\dimen169
\pgf@y=\dimen170
\pgf@xa=\dimen171
\pgf@ya=\dimen172
\pgf@xb=\dimen173
\pgf@yb=\dimen174
\pgf@xc=\dimen175
\pgf@yc=\dimen176
\w@pgf@writea=\write3
\r@pgf@reada=\read1
\c@pgf@counta=\count122
\c@pgf@countb=\count123
\c@pgf@countc=\count124
\c@pgf@countd=\count125
\t@pgf@toka=\toks38
\t@pgf@tokb=\toks39
\t@pgf@tokc=\toks40
 (c:/texlive/2018/texmf-dist/tex/generic/pgf/systemlayer/pgf.cfg
File: pgf.cfg 2008/05/14  (rcs-revision 1.7)
)
Driver file for pgf: pgfsys-xetex.def

(c:/texlive/2018/texmf-dist/tex/generic/pgf/systemlayer/pgfsys-xetex.def
File: pgfsys-xetex.def 2014/07/09  (rcs-revision 1.11)

(c:/texlive/2018/texmf-dist/tex/generic/pgf/systemlayer/pgfsys-dvipdfmx.def
File: pgfsys-dvipdfmx.def 2014/07/09  (rcs-revision 1.14)

(c:/texlive/2018/texmf-dist/tex/generic/pgf/systemlayer/pgfsys-common-pdf.def
File: pgfsys-common-pdf.def 2013/10/10  (rcs-revision 1.13)
)
\pgfsys@objnum=\count126
)))
(c:/texlive/2018/texmf-dist/tex/generic/pgf/systemlayer/pgfsyssoftpath.code.tex
File: pgfsyssoftpath.code.tex 2013/09/09  (rcs-revision 1.9)
\pgfsyssoftpath@smallbuffer@items=\count127
\pgfsyssoftpath@bigbuffer@items=\count128
)
(c:/texlive/2018/texmf-dist/tex/generic/pgf/systemlayer/pgfsysprotocol.code.tex
File: pgfsysprotocol.code.tex 2006/10/16  (rcs-revision 1.4)
)) (c:/texlive/2018/texmf-dist/tex/generic/pgf/basiclayer/pgfcore.code.tex
Package: pgfcore 2010/04/11 v3.0.1a (rcs-revision 1.7)

(c:/texlive/2018/texmf-dist/tex/generic/pgf/math/pgfmath.code.tex
(c:/texlive/2018/texmf-dist/tex/generic/pgf/math/pgfmathcalc.code.tex
(c:/texlive/2018/texmf-dist/tex/generic/pgf/math/pgfmathutil.code.tex)
(c:/texlive/2018/texmf-dist/tex/generic/pgf/math/pgfmathparser.code.tex
\pgfmath@dimen=\dimen177
\pgfmath@count=\count129
\pgfmath@box=\box36
\pgfmath@toks=\toks41
\pgfmath@stack@operand=\toks42
\pgfmath@stack@operation=\toks43
)
(c:/texlive/2018/texmf-dist/tex/generic/pgf/math/pgfmathfunctions.code.tex
(c:/texlive/2018/texmf-dist/tex/generic/pgf/math/pgfmathfunctions.basic.code.te
x)
(c:/texlive/2018/texmf-dist/tex/generic/pgf/math/pgfmathfunctions.trigonometric
.code.tex)
(c:/texlive/2018/texmf-dist/tex/generic/pgf/math/pgfmathfunctions.random.code.t
ex)
(c:/texlive/2018/texmf-dist/tex/generic/pgf/math/pgfmathfunctions.comparison.co
de.tex)
(c:/texlive/2018/texmf-dist/tex/generic/pgf/math/pgfmathfunctions.base.code.tex
)
(c:/texlive/2018/texmf-dist/tex/generic/pgf/math/pgfmathfunctions.round.code.te
x)
(c:/texlive/2018/texmf-dist/tex/generic/pgf/math/pgfmathfunctions.misc.code.tex
)
(c:/texlive/2018/texmf-dist/tex/generic/pgf/math/pgfmathfunctions.integerarithm
etics.code.tex)))
(c:/texlive/2018/texmf-dist/tex/generic/pgf/math/pgfmathfloat.code.tex
\c@pgfmathroundto@lastzeros=\count130
))
(c:/texlive/2018/texmf-dist/tex/generic/pgf/basiclayer/pgfcorepoints.code.tex
File: pgfcorepoints.code.tex 2013/10/07  (rcs-revision 1.27)
\pgf@picminx=\dimen178
\pgf@picmaxx=\dimen179
\pgf@picminy=\dimen180
\pgf@picmaxy=\dimen181
\pgf@pathminx=\dimen182
\pgf@pathmaxx=\dimen183
\pgf@pathminy=\dimen184
\pgf@pathmaxy=\dimen185
\pgf@xx=\dimen186
\pgf@xy=\dimen187
\pgf@yx=\dimen188
\pgf@yy=\dimen189
\pgf@zx=\dimen190
\pgf@zy=\dimen191
)
(c:/texlive/2018/texmf-dist/tex/generic/pgf/basiclayer/pgfcorepathconstruct.cod
e.tex
File: pgfcorepathconstruct.code.tex 2013/10/07  (rcs-revision 1.29)
\pgf@path@lastx=\dimen192
\pgf@path@lasty=\dimen193
)
(c:/texlive/2018/texmf-dist/tex/generic/pgf/basiclayer/pgfcorepathusage.code.te
x
File: pgfcorepathusage.code.tex 2014/11/02  (rcs-revision 1.24)
\pgf@shorten@end@additional=\dimen194
\pgf@shorten@start@additional=\dimen195
)
(c:/texlive/2018/texmf-dist/tex/generic/pgf/basiclayer/pgfcorescopes.code.tex
File: pgfcorescopes.code.tex 2015/05/08  (rcs-revision 1.46)
\pgfpic=\box37
\pgf@hbox=\box38
\pgf@layerbox@main=\box39
\pgf@picture@serial@count=\count131
)
(c:/texlive/2018/texmf-dist/tex/generic/pgf/basiclayer/pgfcoregraphicstate.code
.tex
File: pgfcoregraphicstate.code.tex 2014/11/02  (rcs-revision 1.12)
\pgflinewidth=\dimen196
)
(c:/texlive/2018/texmf-dist/tex/generic/pgf/basiclayer/pgfcoretransformations.c
ode.tex
File: pgfcoretransformations.code.tex 2015/08/07  (rcs-revision 1.20)
\pgf@pt@x=\dimen197
\pgf@pt@y=\dimen198
\pgf@pt@temp=\dimen199
)
(c:/texlive/2018/texmf-dist/tex/generic/pgf/basiclayer/pgfcorequick.code.tex
File: pgfcorequick.code.tex 2008/10/09  (rcs-revision 1.3)
)
(c:/texlive/2018/texmf-dist/tex/generic/pgf/basiclayer/pgfcoreobjects.code.tex
File: pgfcoreobjects.code.tex 2006/10/11  (rcs-revision 1.2)
)
(c:/texlive/2018/texmf-dist/tex/generic/pgf/basiclayer/pgfcorepathprocessing.co
de.tex
File: pgfcorepathprocessing.code.tex 2013/09/09  (rcs-revision 1.9)
)
(c:/texlive/2018/texmf-dist/tex/generic/pgf/basiclayer/pgfcorearrows.code.tex
File: pgfcorearrows.code.tex 2015/05/14  (rcs-revision 1.43)
\pgfarrowsep=\dimen256
)
(c:/texlive/2018/texmf-dist/tex/generic/pgf/basiclayer/pgfcoreshade.code.tex
File: pgfcoreshade.code.tex 2013/07/15  (rcs-revision 1.15)
\pgf@max=\dimen257
\pgf@sys@shading@range@num=\count132
)
(c:/texlive/2018/texmf-dist/tex/generic/pgf/basiclayer/pgfcoreimage.code.tex
File: pgfcoreimage.code.tex 2013/07/15  (rcs-revision 1.18)

(c:/texlive/2018/texmf-dist/tex/generic/pgf/basiclayer/pgfcoreexternal.code.tex
File: pgfcoreexternal.code.tex 2014/07/09  (rcs-revision 1.21)
\pgfexternal@startupbox=\box40
))
(c:/texlive/2018/texmf-dist/tex/generic/pgf/basiclayer/pgfcorelayers.code.tex
File: pgfcorelayers.code.tex 2013/07/18  (rcs-revision 1.7)
)
(c:/texlive/2018/texmf-dist/tex/generic/pgf/basiclayer/pgfcoretransparency.code
.tex
File: pgfcoretransparency.code.tex 2013/09/30  (rcs-revision 1.5)
)
(c:/texlive/2018/texmf-dist/tex/generic/pgf/basiclayer/pgfcorepatterns.code.tex
File: pgfcorepatterns.code.tex 2013/11/07  (rcs-revision 1.5)
)))
(c:/texlive/2018/texmf-dist/tex/generic/pgf/modules/pgfmoduleshapes.code.tex
File: pgfmoduleshapes.code.tex 2014/03/21  (rcs-revision 1.35)
\pgfnodeparttextbox=\box41
)
(c:/texlive/2018/texmf-dist/tex/generic/pgf/modules/pgfmoduleplot.code.tex
File: pgfmoduleplot.code.tex 2015/08/03  (rcs-revision 1.13)
)
(c:/texlive/2018/texmf-dist/tex/latex/pgf/compatibility/pgfcomp-version-0-65.st
y
Package: pgfcomp-version-0-65 2007/07/03 v3.0.1a (rcs-revision 1.7)
\pgf@nodesepstart=\dimen258
\pgf@nodesepend=\dimen259
)
(c:/texlive/2018/texmf-dist/tex/latex/pgf/compatibility/pgfcomp-version-1-18.st
y
Package: pgfcomp-version-1-18 2007/07/23 v3.0.1a (rcs-revision 1.1)
)) (c:/texlive/2018/texmf-dist/tex/latex/pgf/utilities/pgffor.sty
(c:/texlive/2018/texmf-dist/tex/latex/pgf/utilities/pgfkeys.sty
(c:/texlive/2018/texmf-dist/tex/generic/pgf/utilities/pgfkeys.code.tex))
(c:/texlive/2018/texmf-dist/tex/latex/pgf/math/pgfmath.sty
(c:/texlive/2018/texmf-dist/tex/generic/pgf/math/pgfmath.code.tex))
(c:/texlive/2018/texmf-dist/tex/generic/pgf/utilities/pgffor.code.tex
Package: pgffor 2013/12/13 v3.0.1a (rcs-revision 1.25)

(c:/texlive/2018/texmf-dist/tex/generic/pgf/math/pgfmath.code.tex)
\pgffor@iter=\dimen260
\pgffor@skip=\dimen261
\pgffor@stack=\toks44
\pgffor@toks=\toks45
))
(c:/texlive/2018/texmf-dist/tex/generic/pgf/frontendlayer/tikz/tikz.code.tex
Package: tikz 2015/08/07 v3.0.1a (rcs-revision 1.151)

(c:/texlive/2018/texmf-dist/tex/generic/pgf/libraries/pgflibraryplothandlers.co
de.tex
File: pgflibraryplothandlers.code.tex 2013/08/31 v3.0.1a (rcs-revision 1.20)
\pgf@plot@mark@count=\count133
\pgfplotmarksize=\dimen262
)
\tikz@lastx=\dimen263
\tikz@lasty=\dimen264
\tikz@lastxsaved=\dimen265
\tikz@lastysaved=\dimen266
\tikzleveldistance=\dimen267
\tikzsiblingdistance=\dimen268
\tikz@figbox=\box42
\tikz@figbox@bg=\box43
\tikz@tempbox=\box44
\tikz@tempbox@bg=\box45
\tikztreelevel=\count134
\tikznumberofchildren=\count135
\tikznumberofcurrentchild=\count136
\tikz@fig@count=\count137

(c:/texlive/2018/texmf-dist/tex/generic/pgf/modules/pgfmodulematrix.code.tex
File: pgfmodulematrix.code.tex 2013/09/17  (rcs-revision 1.8)
\pgfmatrixcurrentrow=\count138
\pgfmatrixcurrentcolumn=\count139
\pgf@matrix@numberofcolumns=\count140
)
\tikz@expandcount=\count141

(c:/texlive/2018/texmf-dist/tex/generic/pgf/frontendlayer/tikz/libraries/tikzli
brarytopaths.code.tex
File: tikzlibrarytopaths.code.tex 2008/06/17 v3.0.1a (rcs-revision 1.2)
)))
(c:/texlive/2018/texmf-dist/tex/generic/pgf/frontendlayer/tikz/libraries/tikzli
brarypositioning.code.tex
File: tikzlibrarypositioning.code.tex 2008/10/06 v3.0.1a (rcs-revision 1.7)
)
\c@@todonotes@numberoftodonotes=\count142
)
(c:/texlive/2018/texmf-dist/tex/latex/hyperref/hyperref.sty
Package: hyperref 2018/02/06 v6.86b Hypertext links for LaTeX

(c:/texlive/2018/texmf-dist/tex/generic/oberdiek/hobsub-hyperref.sty
Package: hobsub-hyperref 2016/05/16 v1.14 Bundle oberdiek, subset hyperref (HO)


(c:/texlive/2018/texmf-dist/tex/generic/oberdiek/hobsub-generic.sty
Package: hobsub-generic 2016/05/16 v1.14 Bundle oberdiek, subset generic (HO)
Package: hobsub 2016/05/16 v1.14 Construct package bundles (HO)
Package: infwarerr 2016/05/16 v1.4 Providing info/warning/error messages (HO)
Package: ltxcmds 2016/05/16 v1.23 LaTeX kernel commands for general use (HO)
Package: ifluatex 2016/05/16 v1.4 Provides the ifluatex switch (HO)
Package ifluatex Info: LuaTeX not detected.
Package hobsub Info: Skipping package `ifvtex' (already loaded).
Package: intcalc 2016/05/16 v1.2 Expandable calculations with integers (HO)
Package hobsub Info: Skipping package `ifpdf' (already loaded).
Package: etexcmds 2016/05/16 v1.6 Avoid name clashes with e-TeX commands (HO)
Package etexcmds Info: Could not find \expanded.
(etexcmds)             That can mean that you are not using pdfTeX 1.50 or
(etexcmds)             that some package has redefined \expanded.
(etexcmds)             In the latter case, load this package earlier.
Package: kvsetkeys 2016/05/16 v1.17 Key value parser (HO)
Package: kvdefinekeys 2016/05/16 v1.4 Define keys (HO)
Package: pdftexcmds 2018/01/30 v0.27 Utility functions of pdfTeX for LuaTeX (HO
)
Package pdftexcmds Info: LuaTeX not detected.
Package pdftexcmds Info: pdfTeX >= 1.30 not detected.
Package pdftexcmds Info: \pdf@primitive is available.
Package pdftexcmds Info: \pdf@ifprimitive is available.
Package pdftexcmds Info: \pdfdraftmode not found.
Package: pdfescape 2016/05/16 v1.14 Implements pdfTeX's escape features (HO)
Package: bigintcalc 2016/05/16 v1.4 Expandable calculations on big integers (HO
)
Package: bitset 2016/05/16 v1.2 Handle bit-vector datatype (HO)
Package: uniquecounter 2016/05/16 v1.3 Provide unlimited unique counter (HO)
)
Package hobsub Info: Skipping package `hobsub' (already loaded).
Package: letltxmacro 2016/05/16 v1.5 Let assignment for LaTeX macros (HO)
Package: hopatch 2016/05/16 v1.3 Wrapper for package hooks (HO)
Package: xcolor-patch 2016/05/16 xcolor patch
Package: atveryend 2016/05/16 v1.9 Hooks at the very end of document (HO)
Package atveryend Info: \enddocument detected (standard20110627).
Package: atbegshi 2016/06/09 v1.18 At begin shipout hook (HO)
Package: refcount 2016/05/16 v3.5 Data extraction from label references (HO)
Package: hycolor 2016/05/16 v1.8 Color options for hyperref/bookmark (HO)
)
(c:/texlive/2018/texmf-dist/tex/latex/oberdiek/auxhook.sty
Package: auxhook 2016/05/16 v1.4 Hooks for auxiliary files (HO)
)
(c:/texlive/2018/texmf-dist/tex/latex/oberdiek/kvoptions.sty
Package: kvoptions 2016/05/16 v3.12 Key value format for package options (HO)
)
\@linkdim=\dimen269
\Hy@linkcounter=\count143
\Hy@pagecounter=\count144

(c:/texlive/2018/texmf-dist/tex/latex/hyperref/pd1enc.def
File: pd1enc.def 2018/02/06 v6.86b Hyperref: PDFDocEncoding definition (HO)
)
\Hy@SavedSpaceFactor=\count145

(c:/texlive/2018/texmf-dist/tex/latex/latexconfig/hyperref.cfg
File: hyperref.cfg 2002/06/06 v1.2 hyperref configuration of TeXLive
)
Package hyperref Info: Hyper figures OFF on input line 4509.
Package hyperref Info: Link nesting OFF on input line 4514.
Package hyperref Info: Hyper index ON on input line 4517.
Package hyperref Info: Plain pages OFF on input line 4524.
Package hyperref Info: Backreferencing OFF on input line 4529.
Package hyperref Info: Implicit mode ON; LaTeX internals redefined.
Package hyperref Info: Bookmarks ON on input line 4762.
\c@Hy@tempcnt=\count146

(c:/texlive/2018/texmf-dist/tex/latex/url/url.sty
\Urlmuskip=\muskip11
Package: url 2013/09/16  ver 3.4  Verb mode for urls, etc.
)
LaTeX Info: Redefining \url on input line 5115.
\XeTeXLinkMargin=\dimen270
\Fld@menulength=\count147
\Field@Width=\dimen271
\Fld@charsize=\dimen272
Package hyperref Info: Hyper figures OFF on input line 6369.
Package hyperref Info: Link nesting OFF on input line 6374.
Package hyperref Info: Hyper index ON on input line 6377.
Package hyperref Info: backreferencing OFF on input line 6384.
Package hyperref Info: Link coloring OFF on input line 6389.
Package hyperref Info: Link coloring with OCG OFF on input line 6394.
Package hyperref Info: PDF/A mode OFF on input line 6399.
LaTeX Info: Redefining \ref on input line 6439.
LaTeX Info: Redefining \pageref on input line 6443.
\Hy@abspage=\count148
\c@Item=\count149
\c@Hfootnote=\count150
)
Package hyperref Info: Driver (autodetected): hxetex.

(c:/texlive/2018/texmf-dist/tex/latex/hyperref/hxetex.def
File: hxetex.def 2018/02/06 v6.86b Hyperref driver for XeTeX

(c:/texlive/2018/texmf-dist/tex/latex/hyperref/puenc.def
File: puenc.def 2018/02/06 v6.86b Hyperref: PDF Unicode definition (HO)
)
(c:/texlive/2018/texmf-dist/tex/generic/oberdiek/stringenc.sty
Package: stringenc 2016/05/16 v1.11 Convert strings between diff. encodings (HO
)
)
\pdfm@box=\box46
\c@Hy@AnnotLevel=\count151
\HyField@AnnotCount=\count152
\Fld@listcount=\count153
\c@bookmark@seq@number=\count154

(c:/texlive/2018/texmf-dist/tex/latex/oberdiek/rerunfilecheck.sty
Package: rerunfilecheck 2016/05/16 v1.8 Rerun checks for auxiliary files (HO)
Package uniquecounter Info: New unique counter `rerunfilecheck' on input line 2
82.
)
\Hy@SectionHShift=\skip65
)
Package hyperref Info: Option `colorlinks' set `true' on input line 68.

(c:/texlive/2018/texmf-dist/tex/latex/fancyhdr/fancyhdr.sty
Package: fancyhdr 2017/06/30 v3.9a Extensive control of page headers and footer
s
\f@nch@headwidth=\skip66
\f@nch@O@elh=\skip67
\f@nch@O@erh=\skip68
\f@nch@O@olh=\skip69
\f@nch@O@orh=\skip70
\f@nch@O@elf=\skip71
\f@nch@O@erf=\skip72
\f@nch@O@olf=\skip73
\f@nch@O@orf=\skip74
)
(c:/texlive/2018/texmf-dist/tex/latex/fontspec/fontspec.sty
(c:/texlive/2018/texmf-dist/tex/latex/l3packages/xparse/xparse.sty
(c:/texlive/2018/texmf-dist/tex/latex/l3kernel/expl3.sty
Package: expl3 2018-06-14 L3 programming layer (loader) 

(c:/texlive/2018/texmf-dist/tex/latex/l3kernel/expl3-code.tex
Package: expl3 2018-06-14 L3 programming layer (code)
\c_max_int=\count155
\l_tmpa_int=\count156
\l_tmpb_int=\count157
\g_tmpa_int=\count158
\g_tmpb_int=\count159
\g__kernel_prg_map_int=\count160
\c_log_iow=\count161
\l_iow_line_count_int=\count162
\l__iow_line_target_int=\count163
\l__iow_one_indent_int=\count164
\l__iow_indent_int=\count165
\c_zero_dim=\dimen273
\c_max_dim=\dimen274
\l_tmpa_dim=\dimen275
\l_tmpb_dim=\dimen276
\g_tmpa_dim=\dimen277
\g_tmpb_dim=\dimen278
\c_zero_skip=\skip75
\c_max_skip=\skip76
\l_tmpa_skip=\skip77
\l_tmpb_skip=\skip78
\g_tmpa_skip=\skip79
\g_tmpb_skip=\skip80
\c_zero_muskip=\muskip12
\c_max_muskip=\muskip13
\l_tmpa_muskip=\muskip14
\l_tmpb_muskip=\muskip15
\g_tmpa_muskip=\muskip16
\g_tmpb_muskip=\muskip17
\l_keys_choice_int=\count166
\l__intarray_loop_int=\count167
\c__intarray_sp_dim=\dimen279
\g__intarray_font_int=\count168
\c__fp_leading_shift_int=\count169
\c__fp_middle_shift_int=\count170
\c__fp_trailing_shift_int=\count171
\c__fp_big_leading_shift_int=\count172
\c__fp_big_middle_shift_int=\count173
\c__fp_big_trailing_shift_int=\count174
\c__fp_Bigg_leading_shift_int=\count175
\c__fp_Bigg_middle_shift_int=\count176
\c__fp_Bigg_trailing_shift_int=\count177
\g__fp_array_int=\count178
\l__fp_array_loop_int=\count179
\l__sort_length_int=\count180
\l__sort_min_int=\count181
\l__sort_top_int=\count182
\l__sort_max_int=\count183
\l__sort_true_max_int=\count184
\l__sort_block_int=\count185
\l__sort_begin_int=\count186
\l__sort_end_int=\count187
\l__sort_A_int=\count188
\l__sort_B_int=\count189
\l__sort_C_int=\count190
\l__tl_analysis_normal_int=\count191
\l__tl_analysis_index_int=\count192
\l__tl_analysis_nesting_int=\count193
\l__tl_analysis_type_int=\count194
\l__regex_internal_a_int=\count195
\l__regex_internal_b_int=\count196
\l__regex_internal_c_int=\count197
\l__regex_balance_int=\count198
\l__regex_group_level_int=\count199
\l__regex_mode_int=\count266
\c__regex_cs_in_class_mode_int=\count267
\c__regex_cs_mode_int=\count268
\l__regex_catcodes_int=\count269
\l__regex_default_catcodes_int=\count270
\c__regex_catcode_L_int=\count271
\c__regex_catcode_O_int=\count272
\c__regex_catcode_A_int=\count273
\c__regex_all_catcodes_int=\count274
\l__regex_show_lines_int=\count275
\l__regex_min_state_int=\count276
\l__regex_max_state_int=\count277
\l__regex_left_state_int=\count278
\l__regex_right_state_int=\count279
\l__regex_capturing_group_int=\count280
\l__regex_min_pos_int=\count281
\l__regex_max_pos_int=\count282
\l__regex_curr_pos_int=\count283
\l__regex_start_pos_int=\count284
\l__regex_success_pos_int=\count285
\l__regex_curr_char_int=\count286
\l__regex_curr_catcode_int=\count287
\l__regex_last_char_int=\count288
\l__regex_case_changed_char_int=\count289
\l__regex_curr_state_int=\count290
\l__regex_step_int=\count291
\l__regex_min_active_int=\count292
\l__regex_max_active_int=\count293
\l__regex_replacement_csnames_int=\count294
\l__regex_match_count_int=\count295
\l__regex_min_submatch_int=\count296
\l__regex_submatch_int=\count297
\l__regex_zeroth_submatch_int=\count298
\g__regex_trace_regex_int=\count299
\c_empty_box=\box47
\l_tmpa_box=\box48
\l_tmpb_box=\box49
\g_tmpa_box=\box50
\g_tmpb_box=\box51
\l__box_top_dim=\dimen280
\l__box_bottom_dim=\dimen281
\l__box_left_dim=\dimen282
\l__box_right_dim=\dimen283
\l__box_top_new_dim=\dimen284
\l__box_bottom_new_dim=\dimen285
\l__box_left_new_dim=\dimen286
\l__box_right_new_dim=\dimen287
\l__box_internal_box=\box52
\l__coffin_internal_box=\box53
\l__coffin_internal_dim=\dimen288
\l__coffin_offset_x_dim=\dimen289
\l__coffin_offset_y_dim=\dimen290
\l__coffin_x_dim=\dimen291
\l__coffin_y_dim=\dimen292
\l__coffin_x_prime_dim=\dimen293
\l__coffin_y_prime_dim=\dimen294
\c_empty_coffin=\box54
\l__coffin_aligned_coffin=\box55
\l__coffin_aligned_internal_coffin=\box56
\l_tmpa_coffin=\box57
\l_tmpb_coffin=\box58
\l__coffin_display_coffin=\box59
\l__coffin_display_coord_coffin=\box60
\l__coffin_display_pole_coffin=\box61
\l__coffin_display_offset_dim=\dimen295
\l__coffin_display_x_dim=\dimen296
\l__coffin_display_y_dim=\dimen297
\g__file_internal_ior=\read2
\l__coffin_bounding_shift_dim=\dimen298
\l__coffin_left_corner_dim=\dimen299
\l__coffin_right_corner_dim=\dimen300
\l__coffin_bottom_corner_dim=\dimen301
\l__coffin_top_corner_dim=\dimen302
\l__coffin_scaled_total_height_dim=\dimen303
\l__coffin_scaled_width_dim=\dimen304
)
(c:/texlive/2018/texmf-dist/tex/latex/l3kernel/l3xdvipdfmx.def
File: l3xdvidpfmx.def 2018-06-14 v L3 Experimental driver: xdvipdfmx
\g__driver_image_int=\count300
))
Package: xparse 2018-05-12 L3 Experimental document command parser
\l__xparse_current_arg_int=\count301
\g__xparse_grabber_int=\count302
\l__xparse_m_args_int=\count303
\l__xparse_mandatory_args_int=\count304
\l__xparse_v_nesting_int=\count305
)
Package: fontspec 2017/11/09 v2.6g Font selection for XeLaTeX and LuaLaTeX

(c:/texlive/2018/texmf-dist/tex/latex/fontspec/fontspec-xetex.sty
Package: fontspec-xetex 2017/11/09 v2.6g Font selection for XeLaTeX and LuaLaTe
X
\l__fontspec_script_int=\count306
\l__fontspec_language_int=\count307
\l__fontspec_strnum_int=\count308
\l__fontspec_tmp_int=\count309
\l__fontspec_em_int=\count310
\l__fontspec_emdef_int=\count311
\l__fontspec_strong_int=\count312
\l__fontspec_strongdef_int=\count313
\l__fontspec_tmpa_dim=\dimen305
\l__fontspec_tmpb_dim=\dimen306
\l__fontspec_tmpc_dim=\dimen307

(c:/texlive/2018/texmf-dist/tex/latex/base/fontenc.sty
Package: fontenc 2017/04/05 v2.0i Standard LaTeX package

(c:/texlive/2018/texmf-dist/tex/latex/base/tuenc.def
File: tuenc.def 2017/04/05 v2.0i Standard LaTeX file
LaTeX Font Info:    Redeclaring font encoding TU on input line 82.
))
.................................................
. LaTeX info: "xparse/define-command"
. 
. Defining command \fontspec with sig. 'O{}mO{}' on line 542.
.................................................
.................................................
. LaTeX info: "xparse/define-command"
. 
. Defining command \setmainfont with sig. 'O{}mO{}' on line 546.
.................................................
.................................................
. LaTeX info: "xparse/define-command"
. 
. Defining command \setsansfont with sig. 'O{}mO{}' on line 550.
.................................................
.................................................
. LaTeX info: "xparse/define-command"
. 
. Defining command \setmonofont with sig. 'O{}mO{}' on line 554.
.................................................
.................................................
. LaTeX info: "xparse/define-command"
. 
. Defining command \setmathrm with sig. 'O{}mO{}' on line 558.
.................................................
.................................................
. LaTeX info: "xparse/define-command"
. 
. Defining command \setboldmathrm with sig. 'O{}mO{}' on line 562.
.................................................
.................................................
. LaTeX info: "xparse/define-command"
. 
. Defining command \setmathsf with sig. 'O{}mO{}' on line 566.
.................................................
.................................................
. LaTeX info: "xparse/define-command"
. 
. Defining command \setmathtt with sig. 'O{}mO{}' on line 570.
.................................................
.................................................
. LaTeX info: "xparse/define-command"
. 
. Defining command \setromanfont with sig. 'O{}mO{}' on line 574.
.................................................
.................................................
. LaTeX info: "xparse/define-command"
. 
. Defining command \newfontfamily with sig. 'mO{}mO{}' on line 578.
.................................................
.................................................
. LaTeX info: "xparse/define-command"
. 
. Defining command \newfontface with sig. 'mO{}mO{}' on line 582.
.................................................
.................................................
. LaTeX info: "xparse/define-command"
. 
. Defining command \defaultfontfeatures with sig. 't+om' on line 586.
.................................................
.................................................
. LaTeX info: "xparse/define-command"
. 
. Defining command \addfontfeatures with sig. 'm' on line 590.
.................................................
.................................................
. LaTeX info: "xparse/define-command"
. 
. Defining command \addfontfeature with sig. 'm' on line 594.
.................................................
.................................................
. LaTeX info: "xparse/define-command"
. 
. Defining command \newfontfeature with sig. 'mm' on line 598.
.................................................
.................................................
. LaTeX info: "xparse/define-command"
. 
. Defining command \newAATfeature with sig. 'mmmm' on line 602.
.................................................
.................................................
. LaTeX info: "xparse/define-command"
. 
. Defining command \newopentypefeature with sig. 'mmm' on line 606.
.................................................
.................................................
. LaTeX info: "xparse/define-command"
. 
. Defining command \newICUfeature with sig. 'mmm' on line 610.
.................................................
.................................................
. LaTeX info: "xparse/define-command"
. 
. Defining command \aliasfontfeature with sig. 'mm' on line 614.
.................................................
.................................................
. LaTeX info: "xparse/define-command"
. 
. Defining command \aliasfontfeatureoption with sig. 'mmm' on line 618.
.................................................
.................................................
. LaTeX info: "xparse/define-command"
. 
. Defining command \newfontscript with sig. 'mm' on line 622.
.................................................
.................................................
. LaTeX info: "xparse/define-command"
. 
. Defining command \newfontlanguage with sig. 'mm' on line 626.
.................................................
.................................................
. LaTeX info: "xparse/define-command"
. 
. Defining command \DeclareFontsExtensions with sig. 'm' on line 630.
.................................................
.................................................
. LaTeX info: "xparse/define-command"
. 
. Defining command \IfFontFeatureActiveTF with sig. 'mmm' on line 634.
.................................................
.................................................
. LaTeX info: "xparse/define-command"
. 
. Defining command \EncodingCommand with sig. 'mO{}m' on line 3632.
.................................................
.................................................
. LaTeX info: "xparse/define-command"
. 
. Defining command \EncodingAccent with sig. 'mm' on line 3638.
.................................................
.................................................
. LaTeX info: "xparse/define-command"
. 
. Defining command \EncodingSymbol with sig. 'mm' on line 3644.
.................................................
.................................................
. LaTeX info: "xparse/define-command"
. 
. Defining command \EncodingComposite with sig. 'mmm' on line 3650.
.................................................
.................................................
. LaTeX info: "xparse/define-command"
. 
. Defining command \EncodingCompositeCommand with sig. 'mmm' on line 3656.
.................................................
.................................................
. LaTeX info: "xparse/define-command"
. 
. Defining command \DeclareUnicodeEncoding with sig. 'mm' on line 3681.
.................................................
.................................................
. LaTeX info: "xparse/define-command"
. 
. Defining command \UndeclareSymbol with sig. 'm' on line 3687.
.................................................
.................................................
. LaTeX info: "xparse/define-command"
. 
. Defining command \UndeclareAccent with sig. 'm' on line 3693.
.................................................
.................................................
. LaTeX info: "xparse/define-command"
. 
. Defining command \UndeclareCommand with sig. 'm' on line 3699.
.................................................
.................................................
. LaTeX info: "xparse/define-command"
. 
. Defining command \UndeclareComposite with sig. 'mm' on line 3706.
.................................................

(c:/texlive/2018/texmf-dist/tex/latex/fontspec/fontspec.cfg)
LaTeX Info: Redefining \itshape on input line 3891.
LaTeX Info: Redefining \slshape on input line 3896.
LaTeX Info: Redefining \scshape on input line 3901.
LaTeX Info: Redefining \upshape on input line 3906.
LaTeX Info: Redefining \em on input line 3936.
LaTeX Info: Redefining \emph on input line 3961.
LaTeX Info: Redefining \- on input line 4015.
.................................................
. LaTeX info: "xparse/redefine-command"
. 
. Redefining command \oldstylenums with sig. 'm' on line 4110.
.................................................
.................................................
. LaTeX info: "xparse/define-command"
. 
. Defining command \liningnums with sig. 'm' on line 4114.
.................................................
))
\g__fontspec_family_TimesNewRoman_int=\count314
.................................................
. fontspec info: "defining-font"
. 
. Font family 'TimesNewRoman(0)' created for font 'Times New Roman' with
. options [Ligatures=TeX].
.  
.  This font family consists of the following NFSS series/shapes:
.  
. - 'normal' (m/n) with NFSS spec.: <->"Times New
. Roman/OT:script=latn;language=DFLT;mapping=tex-text;"
. - 'small caps'  (m/sc) with NFSS spec.: <->"Times New
. Roman/OT:script=latn;language=DFLT;+smcp;mapping=tex-text;"
. - 'bold' (bx/n) with NFSS spec.: <->"Times New
. Roman/B/OT:script=latn;language=DFLT;mapping=tex-text;"
. - 'bold small caps'  (bx/sc) with NFSS spec.: <->"Times New
. Roman/B/OT:script=latn;language=DFLT;+smcp;mapping=tex-text;"
. - 'italic' (m/it) with NFSS spec.: <->"Times New
. Roman/I/OT:script=latn;language=DFLT;mapping=tex-text;"
. - 'italic small caps'  (m/itsc) with NFSS spec.: <->"Times New
. Roman/I/OT:script=latn;language=DFLT;+smcp;mapping=tex-text;"
. - 'bold italic' (bx/it) with NFSS spec.: <->"Times New
. Roman/BI/OT:script=latn;language=DFLT;mapping=tex-text;"
. - 'bold italic small caps'  (bx/itsc) with NFSS spec.: <->"Times New
. Roman/BI/OT:script=latn;language=DFLT;+smcp;mapping=tex-text;"
.................................................
LaTeX Info: Redefining \rmfamily on input line 82.
.................................................
. fontspec info: "defining-font"
. 
. Font family 'TimesNewRoman(1)' created for font 'Times New Roman' with
. options [].
.  
.  This font family consists of the following NFSS series/shapes:
.  
. - 'normal' (m/n) with NFSS spec.: <->"Times New
. Roman/OT:script=latn;language=DFLT;"
. - 'small caps'  (m/sc) with NFSS spec.: <->"Times New
. Roman/OT:script=latn;language=DFLT;+smcp;"
. - 'bold' (bx/n) with NFSS spec.: <->"Times New
. Roman/B/OT:script=latn;language=DFLT;"
. - 'bold small caps'  (bx/sc) with NFSS spec.: <->"Times New
. Roman/B/OT:script=latn;language=DFLT;+smcp;"
. - 'italic' (m/it) with NFSS spec.: <->"Times New
. Roman/I/OT:script=latn;language=DFLT;"
. - 'italic small caps'  (m/itsc) with NFSS spec.: <->"Times New
. Roman/I/OT:script=latn;language=DFLT;+smcp;"
. - 'bold italic' (bx/it) with NFSS spec.: <->"Times New
. Roman/BI/OT:script=latn;language=DFLT;"
. - 'bold italic small caps'  (bx/itsc) with NFSS spec.: <->"Times New
. Roman/BI/OT:script=latn;language=DFLT;+smcp;"
.................................................

(c:/texlive/2018/texmf-dist/tex/latex/polyglossia/polyglossia.sty
Package: polyglossia 2018/04/07 v1.43 Alternative to Babel for XeLaTeX and LuaL
aTeX

(c:/texlive/2018/texmf-dist/tex/latex/etoolbox/etoolbox.sty
Package: etoolbox 2018/02/11 v2.5e e-TeX tools for LaTeX (JAW)
\etb@tempcnta=\count315
)
(c:/texlive/2018/texmf-dist/tex/latex/makecmds/makecmds.sty
Package: makecmds 2009/09/03 v1.0a extra command making commands
)
\xpg@normalclass=\XeTeXcharclass1
)
(c:/texlive/2018/texmf-dist/tex/latex/polyglossia/gloss-russian.ldf
File: gloss-russian.ldf polyglossia: module for russian

(c:/texlive/2018/texmf-dist/tex/latex/polyglossia/babelsh.def
File: babelsh.def 2013/04/30 Babel common definitions for shorthands
 Taken verbatim from babel.def (2013/04/15 v3.9e)
)
Package polyglossia Info: Making " an active character on input line 41.
)
Package polyglossia Info: Default language is russian.

(c:/texlive/2018/texmf-dist/tex/latex/polyglossia/gloss-english.ldf
File: gloss-english.ldf polyglossia: module for english
)
(c:/texlive/2018/texmf-dist/tex/latex/csquotes/csquotes.sty
Package: csquotes 2018/04/13 v5.2d context-sensitive quotations (JAW)
\csq@reset=\count316
\csq@gtype=\count317
\csq@glevel=\count318
\csq@qlevel=\count319
\csq@maxlvl=\count320
\csq@tshold=\count321
\csq@ltx@everypar=\toks46

(c:/texlive/2018/texmf-dist/tex/latex/csquotes/csquotes.def
File: csquotes.def 2018/04/13 v5.2d csquotes generic definitions (JAW)
)
Package csquotes Info: Trying to load configuration file 'csquotes.cfg'...
Package csquotes Info: ... configuration file loaded successfully.

(c:/texlive/2018/texmf-dist/tex/latex/csquotes/csquotes.cfg
File: csquotes.cfg 
))
(c:/texlive/2018/texmf-dist/tex/latex/tools/verbatim.sty
Package: verbatim 2014/10/28 v1.5q LaTeX2e package for verbatim enhancements
\every@verbatim=\toks47
\verbatim@line=\toks48
\verbatim@in@stream=\read3
)
(c:/texlive/2018/texmf-dist/tex/latex/comment/comment.sty
\CommentStream=\write4

Excluding comment 'comment')
(c:/texlive/2018/texmf-dist/tex/latex/biblatex/biblatex.sty
Package: biblatex 2018/03/04 v3.11 programmable bibliographies (PK/MW)

(c:/texlive/2018/texmf-dist/tex/latex/logreq/logreq.sty
Package: logreq 2010/08/04 v1.0 xml request logger
\lrq@indent=\count322

(c:/texlive/2018/texmf-dist/tex/latex/logreq/logreq.def
File: logreq.def 2010/08/04 v1.0 logreq spec v1.0
))
(c:/texlive/2018/texmf-dist/tex/generic/xstring/xstring.sty
(c:/texlive/2018/texmf-dist/tex/generic/xstring/xstring.tex
\@xs@message=\write5
\integerpart=\count323
\decimalpart=\count324
)
Package: xstring 2013/10/13  v1.7c  String manipulations (C Tellechea)
)
\c@tabx@nest=\count325
\c@listtotal=\count326
\c@listcount=\count327
\c@liststart=\count328
\c@liststop=\count329
\c@citecount=\count330
\c@citetotal=\count331
\c@multicitecount=\count332
\c@multicitetotal=\count333
\c@instcount=\count334
\c@maxnames=\count335
\c@minnames=\count336
\c@maxitems=\count337
\c@minitems=\count338
\c@citecounter=\count339
\c@savedcitecounter=\count340
\c@uniquelist=\count341
\c@uniquename=\count342
\c@refsection=\count343
\c@refsegment=\count344
\c@maxextratitle=\count345
\c@maxextratitleyear=\count346
\c@maxextradate=\count347
\c@maxextraalpha=\count348
\c@abbrvpenalty=\count349
\c@highnamepenalty=\count350
\c@lownamepenalty=\count351
\c@maxparens=\count352
\c@parenlevel=\count353
\blx@tempcnta=\count354
\blx@tempcntb=\count355
\blx@tempcntc=\count356
\blx@maxsection=\count357
\blx@maxsegment@0=\count358
\blx@notetype=\count359
\blx@parenlevel@text=\count360
\blx@parenlevel@foot=\count361
\blx@sectionciteorder@0=\count362
\labelnumberwidth=\skip81
\labelalphawidth=\skip82
\biblabelsep=\skip83
\bibitemsep=\skip84
\bibnamesep=\skip85
\bibinitsep=\skip86
\bibparsep=\skip87
\bibhang=\skip88
\blx@bcfin=\read4
\blx@bcfout=\write6
\c@mincomprange=\count363
\c@maxcomprange=\count364
\c@mincompwidth=\count365
Package biblatex Info: Trying to load biblatex default data model...
Package biblatex Info: ... file 'blx-dm.def' found.

(c:/texlive/2018/texmf-dist/tex/latex/biblatex/blx-dm.def
File: blx-dm.def 2018/03/04 v3.11 biblatex localization (PK/MW)
)
Package biblatex Info: Trying to load biblatex style data model...
Package biblatex Info: ... file 'numeric-verb.dbx' not found.
Package biblatex Info: Trying to load biblatex custom data model...
Package biblatex Info: ... file 'biblatex-dm.cfg' not found.
\c@afterword=\count366
\c@savedafterword=\count367
\c@annotator=\count368
\c@savedannotator=\count369
\c@author=\count370
\c@savedauthor=\count371
\c@bookauthor=\count372
\c@savedbookauthor=\count373
\c@commentator=\count374
\c@savedcommentator=\count375
\c@editor=\count376
\c@savededitor=\count377
\c@editora=\count378
\c@savededitora=\count379
\c@editorb=\count380
\c@savededitorb=\count381
\c@editorc=\count382
\c@savededitorc=\count383
\c@foreword=\count384
\c@savedforeword=\count385
\c@holder=\count386
\c@savedholder=\count387
\c@introduction=\count388
\c@savedintroduction=\count389
\c@namea=\count390
\c@savednamea=\count391
\c@nameb=\count392
\c@savednameb=\count393
\c@namec=\count394
\c@savednamec=\count395
\c@translator=\count396
\c@savedtranslator=\count397
\c@shortauthor=\count398
\c@savedshortauthor=\count399
\c@shorteditor=\count400
\c@savedshorteditor=\count401
\c@labelname=\count402
\c@savedlabelname=\count403
\c@institution=\count404
\c@savedinstitution=\count405
\c@lista=\count406
\c@savedlista=\count407
\c@listb=\count408
\c@savedlistb=\count409
\c@listc=\count410
\c@savedlistc=\count411
\c@listd=\count412
\c@savedlistd=\count413
\c@liste=\count414
\c@savedliste=\count415
\c@listf=\count416
\c@savedlistf=\count417
\c@location=\count418
\c@savedlocation=\count419
\c@organization=\count420
\c@savedorganization=\count421
\c@origlocation=\count422
\c@savedoriglocation=\count423
\c@origpublisher=\count424
\c@savedorigpublisher=\count425
\c@publisher=\count426
\c@savedpublisher=\count427
\c@language=\count428
\c@savedlanguage=\count429
\c@origlanguage=\count430
\c@savedoriglanguage=\count431
\c@pageref=\count432
\c@savedpageref=\count433
\shorthandwidth=\skip89
\shortjournalwidth=\skip90
\shortserieswidth=\skip91
\shorttitlewidth=\skip92
\shortauthorwidth=\skip93
\shorteditorwidth=\skip94
\locallabelnumberwidth=\skip95
\locallabelalphawidth=\skip96
\localshorthandwidth=\skip97
\localshortjournalwidth=\skip98
\localshortserieswidth=\skip99
\localshorttitlewidth=\skip100
\localshortauthorwidth=\skip101
\localshorteditorwidth=\skip102
Package biblatex Info: Trying to load enhanced support for Unicode engines...
Package biblatex Info: ... file 'blx-unicode.def' found.

(c:/texlive/2018/texmf-dist/tex/latex/biblatex/blx-unicode.def)
Package biblatex Info: Trying to load compatibility code...
Package biblatex Info: ... file 'blx-compat.def' found.

(c:/texlive/2018/texmf-dist/tex/latex/biblatex/blx-compat.def
File: blx-compat.def 2018/03/04 v3.11 biblatex compatibility (PK/MW)
)
Package biblatex Info: Trying to load generic definitions...
Package biblatex Info: ... file 'biblatex.def' found.

(c:/texlive/2018/texmf-dist/tex/latex/biblatex/biblatex.def
File: biblatex.def 2018/03/04 v3.11 biblatex compatibility (PK/MW)
\c@textcitecount=\count434
\c@textcitetotal=\count435
\c@textcitemaxnames=\count436
\c@biburlnumpenalty=\count437
\c@biburlucpenalty=\count438
\c@biburllcpenalty=\count439
\c@smartand=\count440
)
Package biblatex Info: Trying to load bibliography style 'numeric-verb'...
Package biblatex Info: ... file 'numeric-verb.bbx' found.

(c:/texlive/2018/texmf-dist/tex/latex/biblatex/bbx/numeric-verb.bbx
File: numeric-verb.bbx 2018/03/04 v3.11 biblatex bibliography style (PK/MW)
Package biblatex Info: Trying to load bibliography style 'numeric'...
Package biblatex Info: ... file 'numeric.bbx' found.

(c:/texlive/2018/texmf-dist/tex/latex/biblatex/bbx/numeric.bbx
File: numeric.bbx 2018/03/04 v3.11 biblatex bibliography style (PK/MW)
Package biblatex Info: Trying to load bibliography style 'standard'...
Package biblatex Info: ... file 'standard.bbx' found.

(c:/texlive/2018/texmf-dist/tex/latex/biblatex/bbx/standard.bbx
File: standard.bbx 2018/03/04 v3.11 biblatex bibliography style (PK/MW)
\c@bbx:relatedcount=\count441
\c@bbx:relatedtotal=\count442
)))
Package biblatex Info: Trying to load citation style 'numeric-verb'...
Package biblatex Info: ... file 'numeric-verb.cbx' found.

(c:/texlive/2018/texmf-dist/tex/latex/biblatex/cbx/numeric-verb.cbx
File: numeric-verb.cbx 2018/03/04 v3.11 biblatex citation style (PK/MW)
Package biblatex Info: Redefining '\cite'.
Package biblatex Info: Redefining '\parencite'.
Package biblatex Info: Redefining '\footcite'.
Package biblatex Info: Redefining '\footcitetext'.
Package biblatex Info: Redefining '\smartcite'.
Package biblatex Info: Redefining '\textcite'.
Package biblatex Info: Redefining '\supercite'.
Package biblatex Info: Redefining '\parencites'.
Package biblatex Info: Redefining '\smartcites'.
Package biblatex Info: Redefining '\textcites'.
)
Package biblatex Info: Trying to load configuration file...
Package biblatex Info: ... file 'biblatex.cfg' found.

(c:/texlive/2018/texmf-dist/tex/latex/biblatex/biblatex.cfg
File: biblatex.cfg 
))
(c:/texlive/2018/texmf-dist/tex/latex/enumitem/enumitem.sty
Package: enumitem 2011/09/28 v3.5.2 Customized lists
\labelindent=\skip103
\enit@outerparindent=\dimen308
\enit@toks=\toks49
\enit@inbox=\box62
\enitdp@description=\count443
)
Package csquotes Info: Checking for multilingual support...
Package csquotes Info: ... found 'polyglossia' package.
Package csquotes Info: Adjusting default style.
Package csquotes Info: Redefining alias 'default' -> 'russian'.
Package biblatex Info: Trying to load language 'english'...
Package biblatex Info: ... file 'english.lbx' found.

(c:/texlive/2018/texmf-dist/tex/latex/biblatex/lbx/english.lbx
File: english.lbx 2018/03/04 v3.11 biblatex localization (PK/MW)
)
Package biblatex Info: Trying to load language 'russian'...
Package biblatex Info: ... file 'russian.lbx' found.

(c:/texlive/2018/texmf-dist/tex/latex/biblatex/lbx/russian.lbx
File: russian.lbx 2018/03/04 v3.11 biblatex localization (PK/MW)
) (./vkr.aux
.................................................
. fontspec info: "defining-font"
. 
. Font family 'TimesNewRoman(2)' created for font 'Times New Roman' with
. options [Ligatures=TeX,Script=Cyrillic].
.  
.  This font family consists of the following NFSS series/shapes:
.  
. - 'normal' (m/n) with NFSS spec.: <->"Times New
. Roman/OT:script=cyrl;language=DFLT;mapping=tex-text;"
. - 'small caps'  (m/sc) with NFSS spec.: <->"Times New
. Roman/OT:script=cyrl;language=DFLT;+smcp;mapping=tex-text;"
. - 'bold' (bx/n) with NFSS spec.: <->"Times New
. Roman/B/OT:script=cyrl;language=DFLT;mapping=tex-text;"
. - 'bold small caps'  (bx/sc) with NFSS spec.: <->"Times New
. Roman/B/OT:script=cyrl;language=DFLT;+smcp;mapping=tex-text;"
. - 'italic' (m/it) with NFSS spec.: <->"Times New
. Roman/I/OT:script=cyrl;language=DFLT;mapping=tex-text;"
. - 'italic small caps'  (m/itsc) with NFSS spec.: <->"Times New
. Roman/I/OT:script=cyrl;language=DFLT;+smcp;mapping=tex-text;"
. - 'bold italic' (bx/it) with NFSS spec.: <->"Times New
. Roman/BI/OT:script=cyrl;language=DFLT;mapping=tex-text;"
. - 'bold italic small caps'  (bx/itsc) with NFSS spec.: <->"Times New
. Roman/BI/OT:script=cyrl;language=DFLT;+smcp;mapping=tex-text;"
.................................................


LaTeX Warning: Label `fi:1' multiply defined.


LaTeX Warning: Label `fi:5' multiply defined.

)
\openout1 = `vkr.aux'.

LaTeX Font Info:    Checking defaults for OML/cmm/m/it on input line 146.
LaTeX Font Info:    ... okay on input line 146.
LaTeX Font Info:    Checking defaults for T1/cmr/m/n on input line 146.
LaTeX Font Info:    ... okay on input line 146.
LaTeX Font Info:    Checking defaults for OT1/cmr/m/n on input line 146.
LaTeX Font Info:    ... okay on input line 146.
LaTeX Font Info:    Checking defaults for OMS/cmsy/m/n on input line 146.
LaTeX Font Info:    ... okay on input line 146.
LaTeX Font Info:    Checking defaults for TU/lmr/m/n on input line 146.
LaTeX Font Info:    ... okay on input line 146.
LaTeX Font Info:    Checking defaults for OMX/cmex/m/n on input line 146.
LaTeX Font Info:    ... okay on input line 146.
LaTeX Font Info:    Checking defaults for U/cmr/m/n on input line 146.
LaTeX Font Info:    ... okay on input line 146.
LaTeX Font Info:    Checking defaults for PD1/pdf/m/n on input line 146.
LaTeX Font Info:    ... okay on input line 146.
LaTeX Font Info:    Checking defaults for PU/pdf/m/n on input line 146.
LaTeX Font Info:    ... okay on input line 146.
Package caption Info: Begin \AtBeginDocument code.
Package caption Info: hyperref package is loaded.
Package caption Info: longtable package is loaded.
 (c:/texlive/2018/texmf-dist/tex/latex/caption/ltcaption.sty
Package: ltcaption 2013/06/09 v1.4-94 longtable captions (AR)
)
Package caption Info: wrapfig package is loaded.
Package caption Info: End \AtBeginDocument code.

*geometry* driver: auto-detecting
*geometry* detected driver: xetex
*geometry* verbose mode - [ preamble ] result:
* driver: xetex
* paper: a4paper
* layout: <same size as paper>
* layoutoffset:(h,v)=(0.0pt,0.0pt)
* modes: 
* h-part:(L,W,R)=(56.9055pt, 483.69687pt, 56.9055pt)
* v-part:(T,H,B)=(56.9055pt, 731.23584pt, 56.9055pt)
* \paperwidth=597.50787pt
* \paperheight=845.04684pt
* \textwidth=483.69687pt
* \textheight=731.23584pt
* \oddsidemargin=-15.36449pt
* \evensidemargin=-15.36449pt
* \topmargin=-54.36449pt
* \headheight=10.2pt
* \headsep=25.0pt
* \topskip=14.0pt
* \footskip=30.0pt
* \marginparwidth=15.0pt
* \marginparsep=10.0pt
* \columnsep=10.0pt
* \skip\footins=12.0pt plus 4.0pt minus 2.0pt
* \hoffset=0.0pt
* \voffset=0.0pt
* \mag=1000
* \@twocolumnfalse
* \@twosidefalse
* \@mparswitchfalse
* \@reversemarginfalse
* (1in=72.27pt=25.4mm, 1cm=28.453pt)

ABD: EveryShipout initializing macros
\AtBeginShipoutBox=\box63
Package hyperref Info: Link coloring ON on input line 146.

(c:/texlive/2018/texmf-dist/tex/latex/hyperref/nameref.sty
Package: nameref 2016/05/21 v2.44 Cross-referencing by name of section

(c:/texlive/2018/texmf-dist/tex/generic/oberdiek/gettitlestring.sty
Package: gettitlestring 2016/05/16 v1.5 Cleanup title references (HO)
)
\c@section@level=\count444
)
LaTeX Info: Redefining \ref on input line 146.
LaTeX Info: Redefining \pageref on input line 146.
LaTeX Info: Redefining \nameref on input line 146.

(./vkr.out) (./vkr.out)
\@outlinefile=\write7
\openout7 = `vkr.out'.

.................................................
. fontspec info: "setup-math"
. 
. Adjusting the maths setup (use [no-math] to avoid this).
.................................................
\symlegacymaths=\mathgroup6
LaTeX Font Info:    Overwriting symbol font `legacymaths' in version `bold'
(Font)                  OT1/cmr/m/n --> OT1/cmr/bx/n on input line 146.
LaTeX Font Info:    Redeclaring math accent \acute on input line 146.
LaTeX Font Info:    Redeclaring math accent \grave on input line 146.
LaTeX Font Info:    Redeclaring math accent \ddot on input line 146.
LaTeX Font Info:    Redeclaring math accent \tilde on input line 146.
LaTeX Font Info:    Redeclaring math accent \bar on input line 146.
LaTeX Font Info:    Redeclaring math accent \breve on input line 146.
LaTeX Font Info:    Redeclaring math accent \check on input line 146.
LaTeX Font Info:    Redeclaring math accent \hat on input line 146.
LaTeX Font Info:    Redeclaring math accent \dot on input line 146.
LaTeX Font Info:    Redeclaring math accent \mathring on input line 146.
LaTeX Font Info:    Redeclaring math symbol \Gamma on input line 146.
LaTeX Font Info:    Redeclaring math symbol \Delta on input line 146.
LaTeX Font Info:    Redeclaring math symbol \Theta on input line 146.
LaTeX Font Info:    Redeclaring math symbol \Lambda on input line 146.
LaTeX Font Info:    Redeclaring math symbol \Xi on input line 146.
LaTeX Font Info:    Redeclaring math symbol \Pi on input line 146.
LaTeX Font Info:    Redeclaring math symbol \Sigma on input line 146.
LaTeX Font Info:    Redeclaring math symbol \Upsilon on input line 146.
LaTeX Font Info:    Redeclaring math symbol \Phi on input line 146.
LaTeX Font Info:    Redeclaring math symbol \Psi on input line 146.
LaTeX Font Info:    Redeclaring math symbol \Omega on input line 146.
LaTeX Font Info:    Redeclaring math symbol \mathdollar on input line 146.
LaTeX Font Info:    Redeclaring symbol font `operators' on input line 146.
LaTeX Font Info:    Encoding `OT1' has changed to `TU' for symbol font
(Font)              `operators' in the math version `normal' on input line 146.

LaTeX Font Info:    Overwriting symbol font `operators' in version `normal'
(Font)                  OT1/cmr/m/n --> TU/TimesNewRoman(0)/m/n on input line 1
46.
LaTeX Font Info:    Encoding `OT1' has changed to `TU' for symbol font
(Font)              `operators' in the math version `bold' on input line 146.
LaTeX Font Info:    Overwriting symbol font `operators' in version `bold'
(Font)                  OT1/cmr/bx/n --> TU/TimesNewRoman(0)/m/n on input line 
146.
LaTeX Font Info:    Overwriting symbol font `operators' in version `normal'
(Font)                  TU/TimesNewRoman(0)/m/n --> TU/TimesNewRoman(0)/m/n on 
input line 146.
LaTeX Font Info:    Overwriting math alphabet `\mathit' in version `normal'
(Font)                  OT1/cmr/m/it --> TU/TimesNewRoman(0)/m/it on input line
 146.
LaTeX Font Info:    Overwriting math alphabet `\mathbf' in version `normal'
(Font)                  OT1/cmr/bx/n --> TU/TimesNewRoman(0)/bx/n on input line
 146.
LaTeX Font Info:    Overwriting math alphabet `\mathsf' in version `normal'
(Font)                  OT1/cmss/m/n --> TU/lmss/m/n on input line 146.
LaTeX Font Info:    Overwriting math alphabet `\mathtt' in version `normal'
(Font)                  OT1/cmtt/m/n --> TU/lmtt/m/n on input line 146.
LaTeX Font Info:    Overwriting symbol font `operators' in version `bold'
(Font)                  TU/TimesNewRoman(0)/m/n --> TU/TimesNewRoman(0)/bx/n on
 input line 146.
LaTeX Font Info:    Overwriting math alphabet `\mathit' in version `bold'
(Font)                  OT1/cmr/bx/it --> TU/TimesNewRoman(0)/bx/it on input li
ne 146.
LaTeX Font Info:    Overwriting math alphabet `\mathsf' in version `bold'
(Font)                  OT1/cmss/bx/n --> TU/lmss/bx/n on input line 146.
LaTeX Font Info:    Overwriting math alphabet `\mathtt' in version `bold'
(Font)                  OT1/cmtt/m/n --> TU/lmtt/bx/n on input line 146.
Package biblatex Info: XeTeX detected.
(biblatex)             Assuming input encoding 'utf8'.
Package biblatex Info: Data encoding 'utf8' specified.
(biblatex)             No need to reencode data.
\openout6 = `vkr.bcf'.

Package biblatex Info: Trying to load bibliographic data...
Package biblatex Info: ... file 'vkr.bbl' found.
 (./vkr.bbl)
Package biblatex Info: Reference section=0 on input line 146.
Package biblatex Info: Reference segment=0 on input line 146.
LaTeX Font Info:    Try loading font information for U+msa on input line 172.

(c:/texlive/2018/texmf-dist/tex/latex/amsfonts/umsa.fd
File: umsa.fd 2013/01/14 v3.01 AMS symbols A
)
LaTeX Font Info:    Try loading font information for U+msb on input line 172.

(c:/texlive/2018/texmf-dist/tex/latex/amsfonts/umsb.fd
File: umsb.fd 2013/01/14 v3.01 AMS symbols B
)
(c:/texlive/2018/texmf-dist/tex/generic/oberdiek/se-ascii-print.def
File: se-ascii-print.def 2016/05/16 v1.11 stringenc: Printable ASCII characters

) [1

]
(./vkr.toc)
\tf@toc=\write8
\openout8 = `vkr.toc'.

LaTeX Font Info:    Try loading font information for U+ark on input line 203.
 (c:/texlive/2018/texmf-dist/tex/latex/dingbat/uark.fd
File: uark.fd 2001/04/27 v1.00 Font definitions for the ark10 font
)
LaTeX Font Info:    Font shape `TU/TimesNewRoman(2)/m/sl' in size <14.4> not av
ailable
(Font)              Font shape `TU/TimesNewRoman(2)/m/it' tried instead on inpu
t line 203.


Package Fancyhdr Warning: \headheight is too small (10.2pt): 
 Make it at least 17.0pt.
 We now make it that large for the rest of the document.
 This may cause the page layout to be inconsistent, however.

[2]

Package Fancyhdr Warning: \headheight is too small (10.2pt): 
 Make it at least 17.0pt.
 We now make it that large for the rest of the document.
 This may cause the page layout to be inconsistent, however.

[3]

Package Fancyhdr Warning: \headheight is too small (10.2pt): 
 Make it at least 17.0pt.
 We now make it that large for the rest of the document.
 This may cause the page layout to be inconsistent, however.

[4]

Package Fancyhdr Warning: \headheight is too small (10.2pt): 
 Make it at least 17.0pt.
 We now make it that large for the rest of the document.
 This may cause the page layout to be inconsistent, however.

[5]

Package Fancyhdr Warning: \headheight is too small (10.2pt): 
 Make it at least 17.0pt.
 We now make it that large for the rest of the document.
 This may cause the page layout to be inconsistent, however.

[6]

Package Fancyhdr Warning: \headheight is too small (10.2pt): 
 Make it at least 17.0pt.
 We now make it that large for the rest of the document.
 This may cause the page layout to be inconsistent, however.

[7]
Overfull \hbox (1.25536pt too wide) in paragraph at lines 271--275
\TU/TimesNewRoman(2)/m/n/14.4      
 
 []


Package Fancyhdr Warning: \headheight is too small (10.2pt): 
 Make it at least 17.0pt.
 We now make it that large for the rest of the document.
 This may cause the page layout to be inconsistent, however.

[8]

Package Fancyhdr Warning: \headheight is too small (10.2pt): 
 Make it at least 17.0pt.
 We now make it that large for the rest of the document.
 This may cause the page layout to be inconsistent, however.

[9]

Package Fancyhdr Warning: \headheight is too small (10.2pt): 
 Make it at least 17.0pt.
 We now make it that large for the rest of the document.
 This may cause the page layout to be inconsistent, however.

[10]

Package Fancyhdr Warning: \headheight is too small (10.2pt): 
 Make it at least 17.0pt.
 We now make it that large for the rest of the document.
 This may cause the page layout to be inconsistent, however.

[11]

Package caption Warning: The option `hypcap=true' will be ignored for this
(caption)                particular \caption on input line 368.
See the caption package documentation for explanation.


Package Fancyhdr Warning: \headheight is too small (10.2pt): 
 Make it at least 17.0pt.
 We now make it that large for the rest of the document.
 This may cause the page layout to be inconsistent, however.

[12]

Package caption Warning: The option `hypcap=true' will be ignored for this
(caption)                particular \caption on input line 402.
See the caption package documentation for explanation.


Package Fancyhdr Warning: \headheight is too small (10.2pt): 
 Make it at least 17.0pt.
 We now make it that large for the rest of the document.
 This may cause the page layout to be inconsistent, however.

[13]

Package caption Warning: The option `hypcap=true' will be ignored for this
(caption)                particular \caption on input line 442.
See the caption package documentation for explanation.


Package Fancyhdr Warning: \headheight is too small (10.2pt): 
 Make it at least 17.0pt.
 We now make it that large for the rest of the document.
 This may cause the page layout to be inconsistent, however.

[14]

Package Fancyhdr Warning: \headheight is too small (10.2pt): 
 Make it at least 17.0pt.
 We now make it that large for the rest of the document.
 This may cause the page layout to be inconsistent, however.

[15]
File: bal_str.png Graphic file (type bmp)
<bal_str.png>
File: cur_acc_comp.png Graphic file (type bmp)
<cur_acc_comp.png>


Package Fancyhdr Warning: \headheight is too small (10.2pt): 
 Make it at least 17.0pt.
 We now make it that large for the rest of the document.
 This may cause the page layout to be inconsistent, however.

[16]

Package Fancyhdr Warning: \headheight is too small (10.2pt): 
 Make it at least 17.0pt.
 We now make it that large for the rest of the document.
 This may cause the page layout to be inconsistent, however.

[17]

Package Fancyhdr Warning: \headheight is too small (10.2pt): 
 Make it at least 17.0pt.
 We now make it that large for the rest of the document.
 This may cause the page layout to be inconsistent, however.

[18]
File: export_structure.png Graphic file (type bmp)
<export_structure.png>

Overfull \hbox (28.45273pt too wide) in paragraph at lines 485--486
 [][] 
 []


Package Fancyhdr Warning: \headheight is too small (10.2pt): 
 Make it at least 17.0pt.
 We now make it that large for the rest of the document.
 This may cause the page layout to be inconsistent, however.

[19]
File: acf_rub_usd.png Graphic file (type bmp)
<acf_rub_usd.png>


Package Fancyhdr Warning: \headheight is too small (10.2pt): 
 Make it at least 17.0pt.
 We now make it that large for the rest of the document.
 This may cause the page layout to be inconsistent, however.

[20]

Package Fancyhdr Warning: \headheight is too small (10.2pt): 
 Make it at least 17.0pt.
 We now make it that large for the rest of the document.
 This may cause the page layout to be inconsistent, however.

[21]

Package Fancyhdr Warning: \headheight is too small (10.2pt): 
 Make it at least 17.0pt.
 We now make it that large for the rest of the document.
 This may cause the page layout to be inconsistent, however.

[22]
Overfull \hbox (2.78348pt too wide) in paragraph at lines 593--597
\TU/TimesNewRoman(2)/m/n/14.4      
  -
 []


Package Fancyhdr Warning: \headheight is too small (10.2pt): 
 Make it at least 17.0pt.
 We now make it that large for the rest of the document.
 This may cause the page layout to be inconsistent, however.

[23]
Overfull \hbox (8.87791pt too wide) in paragraph at lines 633--634
[]\TU/TimesNewRoman(2)/m/n/14.4      
 , -
 []


Package Fancyhdr Warning: \headheight is too small (10.2pt): 
 Make it at least 17.0pt.
 We now make it that large for the rest of the document.
 This may cause the page layout to be inconsistent, however.

[24]

Package Fancyhdr Warning: \headheight is too small (10.2pt): 
 Make it at least 17.0pt.
 We now make it that large for the rest of the document.
 This may cause the page layout to be inconsistent, however.

[25]

Package Fancyhdr Warning: \headheight is too small (10.2pt): 
 Make it at least 17.0pt.
 We now make it that large for the rest of the document.
 This may cause the page layout to be inconsistent, however.

[26]
Missing character: There is no  in font cmmi10!
Missing character: There is no  in font cmmi10!

Overfull \hbox (38.11046pt too wide) detected at line 713
[]
 []


Package Fancyhdr Warning: \headheight is too small (10.2pt): 
 Make it at least 17.0pt.
 We now make it that large for the rest of the document.
 This may cause the page layout to be inconsistent, however.

[27]
Overfull \hbox (30.21474pt too wide) in paragraph at lines 724--725
[]\TU/TimesNewRoman(2)/m/n/14.4        
 -,
 []


Package Fancyhdr Warning: \headheight is too small (10.2pt): 
 Make it at least 17.0pt.
 We now make it that large for the rest of the document.
 This may cause the page layout to be inconsistent, however.

[28]

Package Fancyhdr Warning: \headheight is too small (10.2pt): 
 Make it at least 17.0pt.
 We now make it that large for the rest of the document.
 This may cause the page layout to be inconsistent, however.

[29]
File: cur_fin.png Graphic file (type bmp)
<cur_fin.png>

Overfull \hbox (56.90549pt too wide) in paragraph at lines 768--770
 [][] 
 []

File: cap_er.png Graphic file (type bmp)
<cap_er.png>

Overfull \hbox (56.90549pt too wide) in paragraph at lines 778--780
 [][] 
 []


Package Fancyhdr Warning: \headheight is too small (10.2pt): 
 Make it at least 17.0pt.
 We now make it that large for the rest of the document.
 This may cause the page layout to be inconsistent, however.

[30]

Package Fancyhdr Warning: \headheight is too small (10.2pt): 
 Make it at least 17.0pt.
 We now make it that large for the rest of the document.
 This may cause the page layout to be inconsistent, however.

[31]
File: rub_purch.png Graphic file (type bmp)
<rub_purch.png>

Overfull \hbox (56.90549pt too wide) in paragraph at lines 786--787
 [][] 
 []


Package Fancyhdr Warning: \headheight is too small (10.2pt): 
 Make it at least 17.0pt.
 We now make it that large for the rest of the document.
 This may cause the page layout to be inconsistent, however.

[32]
File: oil_model.png Graphic file (type bmp)
<oil_model.png>
File: gas_model.png Graphic file (type bmp)
<gas_model.png>

Overfull \hbox (56.90549pt too wide) in paragraph at lines 808--809
 [][] 
 []

File: op_model.png Graphic file (type bmp)
<op_model.png>

Overfull \hbox (56.90549pt too wide) in paragraph at lines 816--817
 [][] 
 []


Package Fancyhdr Warning: \headheight is too small (10.2pt): 
 Make it at least 17.0pt.
 We now make it that large for the rest of the document.
 This may cause the page layout to be inconsistent, however.

[33]

Package Fancyhdr Warning: \headheight is too small (10.2pt): 
 Make it at least 17.0pt.
 We now make it that large for the rest of the document.
 This may cause the page layout to be inconsistent, however.

[34]

Package Fancyhdr Warning: \headheight is too small (10.2pt): 
 Make it at least 17.0pt.
 We now make it that large for the rest of the document.
 This may cause the page layout to be inconsistent, however.

[35]

Package Fancyhdr Warning: \headheight is too small (10.2pt): 
 Make it at least 17.0pt.
 We now make it that large for the rest of the document.
 This may cause the page layout to be inconsistent, however.

[36]

Package Fancyhdr Warning: \headheight is too small (10.2pt): 
 Make it at least 17.0pt.
 We now make it that large for the rest of the document.
 This may cause the page layout to be inconsistent, however.

[37]

Package caption Warning: The option `hypcap=true' will be ignored for this
(caption)                particular \caption on input line 892.
See the caption package documentation for explanation.

[38]
Overfull \hbox (19.26126pt too wide) in paragraph at lines 903--909
\TU/TimesNewRoman(2)/m/n/14.4    ,   
  -
 []


Package Fancyhdr Warning: \headheight is too small (10.2pt): 
 Make it at least 17.0pt.
 We now make it that large for the rest of the document.
 This may cause the page layout to be inconsistent, however.

[39]

Package caption Warning: The option `hypcap=true' will be ignored for this
(caption)                particular \caption on input line 932.
See the caption package documentation for explanation.

File: cur_2015.png Graphic file (type bmp)
<cur_2015.png>

Overfull \hbox (28.45273pt too wide) in paragraph at lines 940--941
 [][] 
 []

File: rub_2015.png Graphic file (type bmp)
<rub_2015.png>

Overfull \hbox (28.45273pt too wide) in paragraph at lines 946--947
 [][] 
 []

File: fuels_2015.png Graphic file (type bmp)
<fuels_2015.png>

Overfull \hbox (28.45273pt too wide) in paragraph at lines 952--953
 [][] 
 []


Package Fancyhdr Warning: \headheight is too small (10.2pt): 
 Make it at least 17.0pt.
 We now make it that large for the rest of the document.
 This may cause the page layout to be inconsistent, however.

[40]

Package Fancyhdr Warning: \headheight is too small (10.2pt): 
 Make it at least 17.0pt.
 We now make it that large for the rest of the document.
 This may cause the page layout to be inconsistent, however.

[41]

Package Fancyhdr Warning: \headheight is too small (10.2pt): 
 Make it at least 17.0pt.
 We now make it that large for the rest of the document.
 This may cause the page layout to be inconsistent, however.

[42]

Package Fancyhdr Warning: \headheight is too small (10.2pt): 
 Make it at least 17.0pt.
 We now make it that large for the rest of the document.
 This may cause the page layout to be inconsistent, however.

[43]
Overfull \hbox (0.60852pt too wide) in paragraph at lines 962--964
[]\TU/TimesNewRoman(2)/m/n/14.4     , 
 -
 []


Package Fancyhdr Warning: \headheight is too small (10.2pt): 
 Make it at least 17.0pt.
 We now make it that large for the rest of the document.
 This may cause the page layout to be inconsistent, however.

[44]

Package Fancyhdr Warning: \headheight is too small (10.2pt): 
 Make it at least 17.0pt.
 We now make it that large for the rest of the document.
 This may cause the page layout to be inconsistent, however.

[45]
Overfull \hbox (14.54694pt too wide) in paragraph at lines 981--981
[]\TU/TimesNewRoman(2)/m/n/14.4 Guillermo A Calvo.   Balance of payments crise
s in a cash-in-advance economy.
 []


Overfull \hbox (17.0257pt too wide) in paragraph at lines 981--981
[]\TU/TimesNewRoman(2)/m/n/14.4 Caroline Freund.   Current account adjustment 
in industrial countries. : \TU/TimesNewRoman(2)/m/it/14.4 Journal
 []


Overfull \hbox (2.20616pt too wide) in paragraph at lines 981--981
[]\TU/TimesNewRoman(2)/m/n/14.4 Paul Krugman.   A model of balance-of-payments
 crises. : \TU/TimesNewRoman(2)/m/it/14.4 Journal of money,
 []


Overfull \hbox (11.18394pt too wide) in paragraph at lines 981--981
\TU/TimesNewRoman(2)/m/n/14.4 inflation targeting. : \TU/TimesNewRoman(2)/m/i
t/14.4 Journal of International Economics \TU/TimesNewRoman(2)/m/n/14.4 72.1 (2
007), . 242
 []


Overfull \hbox (3.52087pt too wide) in paragraph at lines 981--981
\TU/TimesNewRoman(2)/m/n/14.4 and current account effects of inflation. : \TU
/TimesNewRoman(2)/m/it/14.4 Journal of International Economics
 []


Overfull \hbox (3.47975pt too wide) in paragraph at lines 981--981
[]\TU/TimesNewRoman(2)/m/n/14.4 Enrique G Mendoza  Martin Uribe. \TU/TimesNewR
oman(2)/m/it/14.4 The business cycles of balance-of-payment
 []


Package Fancyhdr Warning: \headheight is too small (10.2pt): 
 Make it at least 17.0pt.
 We now make it that large for the rest of the document.
 This may cause the page layout to be inconsistent, however.

[46]
Overfull \hbox (16.53677pt too wide) in paragraph at lines 981--981
[]\TU/TimesNewRoman(2)/m/n/14.4 Maurice Obstfeld.   Speculative attack and the
 external constraint in a maximizing
 []


Overfull \hbox (0.21854pt too wide) in paragraph at lines 981--981
\TU/TimesNewRoman(2)/m/n/14.4 model of the balance of payments. : \TU/TimesNe
wRoman(2)/m/it/14.4 Canadian Journal of Economics \TU/TimesNewRoman(2)/m/n/14.4
 (1986),
 []


Overfull \hbox (3.36253pt too wide) in paragraph at lines 981--981
\TU/TimesNewRoman(2)/m/it/14.4     24  2020 \
TU/TimesNewRoman(2)/m/n/14.4 . [][]$[][][][][] [] [] [] [][][] [] [][] [] [][][
][][][][][][][] []
 []


Overfull \hbox (8.75066pt too wide) in paragraph at lines 981--981
[]\TU/TimesNewRoman(2)/m/it/14.4    -
   2019
 []


Package Fancyhdr Warning: \headheight is too small (10.2pt): 
 Make it at least 17.0pt.
 We now make it that large for the rest of the document.
 This may cause the page layout to be inconsistent, however.

[47]
Package atveryend Info: Empty hook `BeforeClearDocument' on input line 982.
Package atveryend Info: Empty hook `AfterLastShipout' on input line 982.
 (./vkr.aux)
Package atveryend Info: Empty hook `AtVeryEndDocument' on input line 982.
Package atveryend Info: Executing hook `AtEndAfterFileList' on input line 982.
Package rerunfilecheck Info: File `vkr.out' has not changed.
(rerunfilecheck)             Checksum: 67C0BC89FA3592171C12862BD20698DD.


LaTeX Warning: There were multiply-defined labels.

Package logreq Info: Writing requests to 'vkr.run.xml'.
\openout1 = `vkr.run.xml'.

Package atveryend Info: Empty hook `AtVeryVeryEnd' on input line 982.
 ) 
Here is how much of TeX's memory you used:
 40963 strings out of 492969
 786006 string characters out of 6137284
 1289322 words of memory out of 5000000
 44427 multiletter control sequences out of 15000+600000
 540242 words of font info for 83 fonts, out of 8000000 for 9000
 1348 hyphenation exceptions out of 8191
 62i,18n,79p,1148b,6607s stack positions out of 5000i,500n,10000p,200000b,80000s

Output written on vkr.pdf (47 pages).
